2017-04-26T08:57:57.041Z - debug: ok->TestStation_1_1_state 1502
2017-04-26T08:57:57.041Z - debug: ok->TestStation_1_1_statePayload 1
2017-04-26T08:57:59.040Z - debug: ok->TestStation_1_2_state 1502
2017-04-26T08:57:59.041Z - debug: ok->TestStation_1_2_statePayload 
2017-04-26T08:58:00.040Z - debug: ok->TestStation_1_2_state 104
2017-04-26T08:58:00.040Z - debug: ok->TestStation_1_2_statePayload 
2017-04-26T08:58:01.040Z - debug: ok->TestStation_1_2_state 104
2017-04-26T08:58:01.040Z - debug: ok->TestStation_1_2_statePayload  |N| | | |N| |-1| |A| 
2017-04-26T08:58:03.040Z - debug: ok->TestStation_2_1_state 1502
2017-04-26T08:58:03.040Z - debug: ok->TestStation_2_1_statePayload 
2017-04-26T08:58:04.040Z - debug: ok->TestStation_2_1_state 1502
2017-04-26T08:58:04.040Z - debug: ok->TestStation_2_1_statePayload 
2017-04-26T08:58:05.040Z - debug: ok->TestStation_2_1_state 104
2017-04-26T08:58:05.040Z - debug: ok->TestStation_2_1_statePayload 
2017-04-26T08:58:06.041Z - debug: ok->TestStation_2_1_state 104
2017-04-26T08:58:06.042Z - debug: ok->TestStation_2_1_statePayload  |N| | | |N| |-1| |A| 
2017-04-26T08:58:08.041Z - debug: ok->TestStation_2_2_state 1502
2017-04-26T08:58:08.042Z - debug: ok->TestStation_2_2_statePayload 2
2017-04-26T08:58:09.043Z - debug: ok->teststation:TestStation_2_2_measure1 0
2017-04-26T08:58:10.042Z - debug: ok->teststation:TestStation_2_2_measure2 230
2017-04-26T08:58:11.041Z - debug: ok->teststation:TestStation_2_2_measure3 0
2017-04-26T08:58:12.042Z - debug: ok->teststation:TestStation_2_2_measure4 100
2017-04-26T08:58:13.043Z - debug: ok->teststation:TestStation_2_2_measure5 0
2017-04-26T08:58:14.043Z - debug: ok->teststation:TestStation_2_2_measure6 32767
2017-04-26T08:58:15.042Z - debug: ok->teststation:TestStation_2_2_measure7 32767
2017-04-26T08:58:16.042Z - debug: ok->teststation:TestStation_2_2_measure8 32767
2017-04-26T08:58:17.044Z - debug: ok->teststation:TestStation_2_2_measure9 32767
2017-04-26T08:58:18.042Z - debug: ok->teststation:TestStation_2_2_measure10 32767
2017-04-26T08:58:19.041Z - debug: ok->teststation:TestStation_2_2_measure11 32767
2017-04-26T08:58:20.043Z - debug: ok->teststation:TestStation_2_2_measure12 2
2017-04-26T08:58:21.042Z - debug: ok->teststation:TestStation_2_2_measure13 0
2017-04-26T08:58:22.043Z - debug: ok->teststation:TestStation_2_2_measure14 0
2017-04-26T08:58:23.041Z - debug: ok->teststation:TestStation_2_2_measure1 0
2017-04-26T08:58:24.040Z - debug: ok->teststation:TestStation_2_2_measure2 230
2017-04-26T08:58:25.040Z - debug: ok->teststation:TestStation_2_2_measure3 0
2017-04-26T08:58:26.040Z - debug: ok->teststation:TestStation_2_2_measure4 100
2017-04-26T08:58:27.040Z - debug: ok->teststation:TestStation_2_2_measure5 0
2017-04-26T08:58:28.040Z - debug: ok->teststation:TestStation_2_2_measure6 32767
2017-04-26T08:58:29.040Z - debug: ok->teststation:TestStation_2_2_measure7 32767
2017-04-26T08:58:30.040Z - debug: ok->teststation:TestStation_2_2_measure8 32767
2017-04-26T08:58:31.041Z - debug: ok->teststation:TestStation_2_2_measure9 32767
2017-04-26T08:58:32.041Z - debug: ok->teststation:TestStation_2_2_measure10 32767
2017-04-26T08:58:33.040Z - debug: ok->teststation:TestStation_2_2_measure11 32767
2017-04-26T08:58:34.040Z - debug: ok->teststation:TestStation_2_2_measure12 5
2017-04-26T08:58:35.040Z - debug: ok->teststation:TestStation_2_2_measure13 0
2017-04-26T08:58:36.040Z - debug: ok->teststation:TestStation_2_2_measure14 0
2017-04-26T08:58:37.040Z - debug: ok->teststation:TestStation_2_2_measure1 0
2017-04-26T08:58:38.041Z - debug: ok->teststation:TestStation_2_2_measure2 230
2017-04-26T08:58:39.051Z - debug: ok->teststation:TestStation_2_2_measure3 0
2017-04-26T08:58:40.040Z - debug: ok->teststation:TestStation_2_2_measure4 100
2017-04-26T08:58:41.040Z - debug: ok->teststation:TestStation_2_2_measure5 0
2017-04-26T08:58:42.040Z - debug: ok->teststation:TestStation_2_2_measure6 32767
2017-04-26T08:58:43.040Z - debug: ok->teststation:TestStation_2_2_measure7 32767
2017-04-26T08:58:44.040Z - debug: ok->teststation:TestStation_2_2_measure8 32767
2017-04-26T08:58:45.040Z - debug: ok->teststation:TestStation_2_2_measure9 32767
2017-04-26T08:58:46.040Z - debug: ok->teststation:TestStation_2_2_measure10 32767
2017-04-26T08:58:47.068Z - debug: ok->teststation:TestStation_2_2_measure11 32767
2017-04-26T08:58:48.040Z - debug: ok->teststation:TestStation_2_2_measure12 2
2017-04-26T08:58:49.040Z - debug: ok->teststation:TestStation_2_2_measure13 0
2017-04-26T08:58:50.040Z - debug: ok->teststation:TestStation_2_2_measure14 0
2017-04-26T08:58:51.040Z - debug: ok->teststation:TestStation_2_2_measure1 0
2017-04-26T08:58:52.043Z - debug: ok->teststation:TestStation_2_2_measure2 230
2017-04-26T08:58:53.040Z - debug: ok->teststation:TestStation_2_2_measure3 0
2017-04-26T08:58:54.040Z - debug: ok->teststation:TestStation_2_2_measure4 100
2017-04-26T08:58:55.040Z - debug: ok->teststation:TestStation_2_2_measure5 0
2017-04-26T08:58:56.040Z - debug: ok->teststation:TestStation_2_2_measure6 32767
2017-04-26T08:58:57.040Z - debug: ok->teststation:TestStation_2_2_measure7 32767
2017-04-26T08:58:58.040Z - debug: ok->teststation:TestStation_2_2_measure8 32767
2017-04-26T08:58:59.040Z - debug: ok->teststation:TestStation_2_2_measure9 32767
2017-04-26T08:59:00.041Z - debug: ok->teststation:TestStation_2_2_measure10 32767
2017-04-26T08:59:01.041Z - debug: ok->teststation:TestStation_2_2_measure11 32767
2017-04-26T08:59:02.041Z - debug: ok->teststation:TestStation_2_2_measure12 2
2017-04-26T08:59:03.041Z - debug: ok->teststation:TestStation_2_2_measure13 0
2017-04-26T08:59:04.041Z - debug: ok->teststation:TestStation_2_2_measure14 0
2017-04-26T08:59:05.041Z - debug: ok->teststation:TestStation_2_2_measure1 0
2017-04-26T08:59:06.042Z - debug: ok->teststation:TestStation_2_2_measure2 230
2017-04-26T08:59:07.041Z - debug: ok->teststation:TestStation_2_2_measure3 0
2017-04-26T08:59:08.041Z - debug: ok->teststation:TestStation_2_2_measure4 100
2017-04-26T08:59:09.041Z - debug: ok->teststation:TestStation_2_2_measure5 0
2017-04-26T08:59:10.042Z - debug: ok->teststation:TestStation_2_2_measure6 32767
2017-04-26T08:59:11.041Z - debug: ok->teststation:TestStation_2_2_measure7 32767
2017-04-26T08:59:12.041Z - debug: ok->teststation:TestStation_2_2_measure8 32767
2017-04-26T08:59:13.041Z - debug: ok->teststation:TestStation_2_2_measure9 32767
2017-04-26T08:59:14.041Z - debug: ok->teststation:TestStation_2_2_measure10 32767
2017-04-26T08:59:15.041Z - debug: ok->teststation:TestStation_2_2_measure11 32767
2017-04-26T08:59:16.041Z - debug: ok->teststation:TestStation_2_2_measure12 0
2017-04-26T08:59:17.041Z - debug: ok->teststation:TestStation_2_2_measure13 0
2017-04-26T08:59:18.041Z - debug: ok->teststation:TestStation_2_2_measure14 0
2017-04-26T08:59:19.041Z - debug: ok->teststation:TestStation_2_2_measure1 0
2017-04-26T08:59:20.041Z - debug: ok->teststation:TestStation_2_2_measure2 230
2017-04-26T08:59:21.041Z - debug: ok->teststation:TestStation_2_2_measure3 0
2017-04-26T08:59:22.041Z - debug: ok->teststation:TestStation_2_2_measure4 100
2017-04-26T08:59:23.041Z - debug: ok->teststation:TestStation_2_2_measure5 0
2017-04-26T08:59:24.041Z - debug: ok->teststation:TestStation_2_2_measure6 32767
2017-04-26T08:59:25.041Z - debug: ok->teststation:TestStation_2_2_measure7 32767
2017-04-26T08:59:26.041Z - debug: ok->teststation:TestStation_2_2_measure9 32767
2017-04-26T08:59:27.041Z - debug: ok->teststation:TestStation_2_2_measure10 32767
2017-04-26T08:59:28.041Z - debug: ok->teststation:TestStation_2_2_measure11 32767
2017-04-26T08:59:29.041Z - debug: ok->teststation:TestStation_2_2_measure12 2
2017-04-26T08:59:30.041Z - debug: ok->teststation:TestStation_2_2_measure13 0
2017-04-26T08:59:31.041Z - debug: ok->teststation:TestStation_2_2_measure14 0
2017-04-26T08:59:32.041Z - debug: ok->teststation:TestStation_2_2_measure1 0
2017-04-26T08:59:33.041Z - debug: ok->teststation:TestStation_2_2_measure2 230
2017-04-26T08:59:34.041Z - debug: ok->teststation:TestStation_2_2_measure3 0
2017-04-26T08:59:35.041Z - debug: ok->teststation:TestStation_2_2_measure4 100
2017-04-26T08:59:36.041Z - debug: ok->teststation:TestStation_2_2_measure5 0
2017-04-26T08:59:37.041Z - debug: ok->teststation:TestStation_2_2_measure6 32767
2017-04-26T08:59:38.041Z - debug: ok->teststation:TestStation_2_2_measure7 32767
2017-04-26T08:59:39.041Z - debug: ok->teststation:TestStation_2_2_measure8 32767
2017-04-26T08:59:40.041Z - debug: ok->teststation:TestStation_2_2_measure9 32767
2017-04-26T08:59:41.041Z - debug: ok->teststation:TestStation_2_2_measure10 32767
2017-04-26T08:59:42.041Z - debug: ok->teststation:TestStation_2_2_measure11 32767
